<?xml version="1.0" encoding="UTF-8" ?>
<testsuite errors="0" failures="0" hostname="spexmac7" name="de.kp.ames.web.test.group.GroupTestImpl" tests="3" time="3.152" timestamp="2012-09-26T19:58:12">
  <properties />
  <testcase classname="de.kp.ames.web.test.group.GroupTestImpl" name="testDoSubmitRequest" time="0.994" />
  <testcase classname="de.kp.ames.web.test.group.GroupTestImpl" name="testDoGetRequest" time="1.494" />
  <testcase classname="de.kp.ames.web.test.group.GroupTestImpl" name="testDoDeleteRequest" time="0.664" />
</testsuite>
